[debug] [2021-08-17T21:02:45.555Z] ----------------------------------------------------------------------
[debug] [2021-08-17T21:02:45.558Z] Command:       C:\Program Files\nodejs\node.exe C:\Users\Eric Zhang\AppData\Roaming\npm\node_modules\firebase-tools\lib\bin\firebase.js init
[debug] [2021-08-17T21:02:45.558Z] CLI Version:   9.16.5
[debug] [2021-08-17T21:02:45.558Z] Platform:      win32
[debug] [2021-08-17T21:02:45.558Z] Node Version:  v14.15.0
[debug] [2021-08-17T21:02:45.560Z] Time:          Tue Aug 17 2021 17:02:45 GMT-0400 (Eastern Daylight Time)
[debug] [2021-08-17T21:02:45.560Z] ----------------------------------------------------------------------
[debug] 
[debug] [2021-08-17T21:02:45.563Z] >>> [apiv2][query] GET https://firebase-public.firebaseio.com/cli.json [none]
[debug] [2021-08-17T21:02:45.592Z] > command requires scopes: ["email","openid","https://www.googleapis.com/auth/cloudplatformprojects.readonly","https://www.googleapis.com/auth/firebase","https://www.googleapis.com/auth/cloud-platform"]
[debug] [2021-08-17T21:02:45.593Z] > authorizing via signed-in user (e.r.i.c.r.e.n.z.h.a.n.g.3.2.1@gmail.com)
[info] 
     ######## #### ########  ######## ########     ###     ######  ########
     ##        ##  ##     ## ##       ##     ##  ##   ##  ##       ##
     ######    ##  ########  ######   ########  #########  ######  ######
     ##        ##  ##    ##  ##       ##     ## ##     ##       ## ##
     ##       #### ##     ## ######## ########  ##     ##  ######  ########

You're about to initialize a Firebase project in this directory:

  C:\Users\Eric Zhang\Desktop\Coding\color-app

[debug] [2021-08-17T21:02:45.707Z] <<< [apiv2][status] GET https://firebase-public.firebaseio.com/cli.json 200
[debug] [2021-08-17T21:02:45.707Z] <<< [apiv2][body] GET https://firebase-public.firebaseio.com/cli.json {"cloudBuildErrorAfter":1594252800000,"cloudBuildWarnAfter":1590019200000,"defaultNode10After":1594252800000,"minVersion":"3.0.5","node8DeploysDisabledAfter":1613390400000,"node8RuntimeDisabledAfter":1615809600000,"node8WarnAfter":1600128000000}
[info] 
=== Project Setup
[info] 
[info] First, let's associate this project directory with a Firebase project.
[info] You can create multiple project aliases by running firebase use --add, 
[info] but for now we'll just set up a default project.
[info] 
[debug] [2021-08-17T21:03:26.666Z] > refreshing access token with scopes: []
[debug] [2021-08-17T21:03:26.666Z] >>> HTTP REQUEST POST https://www.googleapis.com/oauth2/v3/token  
 <request body omitted>
[debug] [2021-08-17T21:03:26.765Z] <<< HTTP RESPONSE 200 {"expires":"Mon, 01 Jan 1990 00:00:00 GMT","cache-control":"no-cache, no-store, max-age=0, must-revalidate","pragma":"no-cache","date":"Tue, 17 Aug 2021 21:03:29 GMT","content-type":"application/json; charset=utf-8","vary":"X-Origin, Referer, Origin,Accept-Encoding","server":"scaffolding on HTTPServer2","x-xss-protection":"0","x-frame-options":"SAMEORIGIN","x-content-type-options":"nosniff","alt-svc":"h3=\":443\"; ma=2592000,h3-29=\":443\"; ma=2592000,h3-T051=\":443\"; ma=2592000,h3-Q050=\":443\"; ma=2592000,h3-Q046=\":443\"; ma=2592000,h3-Q043=\":443\"; ma=2592000,quic=\":443\"; ma=2592000; v=\"46,43\"","accept-ranges":"none","transfer-encoding":"chunked"}
[debug] [2021-08-17T21:03:26.789Z] >>> [apiv2][query] GET https://firebase.googleapis.com/v1beta1/projects pageSize=100
[debug] [2021-08-17T21:03:26.976Z] <<< [apiv2][status] GET https://firebase.googleapis.com/v1beta1/projects 200
[debug] [2021-08-17T21:03:26.976Z] <<< [apiv2][body] GET https://firebase.googleapis.com/v1beta1/projects [omitted]
[info] i  Using project color-app-9eae4 (Color App) 
[info] 
=== Database Setup
[info] i  database: ensuring required API firebasedatabase.googleapis.com is enabled... 
[debug] [2021-08-17T21:03:29.276Z] > refreshing access token with scopes: ["email","https://www.googleapis.com/auth/cloud-platform","https://www.googleapis.com/auth/cloudplatformprojects.readonly","https://www.googleapis.com/auth/firebase","openid"]
[debug] [2021-08-17T21:03:29.276Z] >>> HTTP REQUEST POST https://www.googleapis.com/oauth2/v3/token  
 <request body omitted>
[debug] [2021-08-17T21:03:29.355Z] <<< HTTP RESPONSE 200 {"date":"Tue, 17 Aug 2021 21:03:32 GMT","pragma":"no-cache","expires":"Mon, 01 Jan 1990 00:00:00 GMT","cache-control":"no-cache, no-store, max-age=0, must-revalidate","content-type":"application/json; charset=utf-8","vary":"X-Origin, Referer, Origin,Accept-Encoding","server":"scaffolding on HTTPServer2","x-xss-protection":"0","x-frame-options":"SAMEORIGIN","x-content-type-options":"nosniff","alt-svc":"h3=\":443\"; ma=2592000,h3-29=\":443\"; ma=2592000,h3-T051=\":443\"; ma=2592000,h3-Q050=\":443\"; ma=2592000,h3-Q046=\":443\"; ma=2592000,h3-Q043=\":443\"; ma=2592000,quic=\":443\"; ma=2592000; v=\"46,43\"","accept-ranges":"none","transfer-encoding":"chunked"}
[debug] [2021-08-17T21:03:29.368Z] >>> HTTP REQUEST GET https://serviceusage.googleapis.com/v1/projects/color-app-9eae4/services/firebasedatabase.googleapis.com  
 
[debug] [2021-08-17T21:03:29.709Z] <<< HTTP RESPONSE 200 {"content-type":"application/json; charset=UTF-8","vary":"X-Origin, Referer, Origin,Accept-Encoding","date":"Tue, 17 Aug 2021 21:03:32 GMT","server":"ESF","cache-control":"private","x-xss-protection":"0","x-frame-options":"SAMEORIGIN","x-content-type-options":"nosniff","alt-svc":"h3=\":443\"; ma=2592000,h3-29=\":443\"; ma=2592000,h3-T051=\":443\"; ma=2592000,h3-Q050=\":443\"; ma=2592000,h3-Q046=\":443\"; ma=2592000,h3-Q043=\":443\"; ma=2592000,quic=\":443\"; ma=2592000; v=\"46,43\"","accept-ranges":"none","transfer-encoding":"chunked"}
[warn] !  database: missing required API firebasedatabase.googleapis.com. Enabling now... 
[debug] [2021-08-17T21:03:29.710Z] >>> HTTP REQUEST POST https://serviceusage.googleapis.com/v1/projects/color-app-9eae4/services/firebasedatabase.googleapis.com:enable  
 
[debug] [2021-08-17T21:03:30.341Z] <<< HTTP RESPONSE 200 {"content-type":"application/json; charset=UTF-8","vary":"X-Origin, Referer, Origin,Accept-Encoding","date":"Tue, 17 Aug 2021 21:03:33 GMT","server":"ESF","cache-control":"private","x-xss-protection":"0","x-frame-options":"SAMEORIGIN","x-content-type-options":"nosniff","alt-svc":"h3=\":443\"; ma=2592000,h3-29=\":443\"; ma=2592000,h3-T051=\":443\"; ma=2592000,h3-Q050=\":443\"; ma=2592000,h3-Q046=\":443\"; ma=2592000,h3-Q043=\":443\"; ma=2592000,quic=\":443\"; ma=2592000; v=\"46,43\"","accept-ranges":"none","transfer-encoding":"chunked"}
[debug] [2021-08-17T21:03:40.343Z] >>> HTTP REQUEST GET https://serviceusage.googleapis.com/v1/projects/color-app-9eae4/services/firebasedatabase.googleapis.com  
 
[debug] [2021-08-17T21:03:40.656Z] <<< HTTP RESPONSE 200 {"content-type":"application/json; charset=UTF-8","vary":"X-Origin, Referer, Origin,Accept-Encoding","date":"Tue, 17 Aug 2021 21:03:43 GMT","server":"ESF","cache-control":"private","x-xss-protection":"0","x-frame-options":"SAMEORIGIN","x-content-type-options":"nosniff","alt-svc":"h3=\":443\"; ma=2592000,h3-29=\":443\"; ma=2592000,h3-T051=\":443\"; ma=2592000,h3-Q050=\":443\"; ma=2592000,h3-Q046=\":443\"; ma=2592000,h3-Q043=\":443\"; ma=2592000,quic=\":443\"; ma=2592000; v=\"46,43\"","accept-ranges":"none","transfer-encoding":"chunked"}
[info] +  database: required API firebasedatabase.googleapis.com is enabled 
[info] 
[debug] [2021-08-17T21:03:40.660Z] > refreshing access token with scopes: []
[debug] [2021-08-17T21:03:40.660Z] >>> HTTP REQUEST POST https://www.googleapis.com/oauth2/v3/token  
 <request body omitted>
[debug] [2021-08-17T21:03:40.732Z] <<< HTTP RESPONSE 200 {"date":"Tue, 17 Aug 2021 21:03:43 GMT","expires":"Mon, 01 Jan 1990 00:00:00 GMT","pragma":"no-cache","cache-control":"no-cache, no-store, max-age=0, must-revalidate","content-type":"application/json; charset=utf-8","vary":"X-Origin, Referer, Origin,Accept-Encoding","server":"scaffolding on HTTPServer2","x-xss-protection":"0","x-frame-options":"SAMEORIGIN","x-content-type-options":"nosniff","alt-svc":"h3=\":443\"; ma=2592000,h3-29=\":443\"; ma=2592000,h3-T051=\":443\"; ma=2592000,h3-Q050=\":443\"; ma=2592000,h3-Q046=\":443\"; ma=2592000,h3-Q043=\":443\"; ma=2592000,quic=\":443\"; ma=2592000; v=\"46,43\"","accept-ranges":"none","transfer-encoding":"chunked"}
[debug] [2021-08-17T21:03:40.746Z] >>> [apiv2][query] GET https://firebase.googleapis.com/v1beta1/projects/color-app-9eae4 [none]
[debug] [2021-08-17T21:03:41.027Z] <<< [apiv2][status] GET https://firebase.googleapis.com/v1beta1/projects/color-app-9eae4 200
[debug] [2021-08-17T21:03:41.027Z] <<< [apiv2][body] GET https://firebase.googleapis.com/v1beta1/projects/color-app-9eae4 {"projectId":"color-app-9eae4","projectNumber":"536701760557","displayName":"Color App","name":"projects/color-app-9eae4","resources":{"hostingSite":"color-app-9eae4","storageBucket":"color-app-9eae4.appspot.com","locationId":"us-central"},"state":"ACTIVE"}
[debug] [2021-08-17T21:06:58.241Z] > refreshing access token with scopes: ["email","https://www.googleapis.com/auth/cloud-platform","https://www.googleapis.com/auth/cloudplatformprojects.readonly","https://www.googleapis.com/auth/firebase","openid"]
[debug] [2021-08-17T21:06:58.241Z] >>> HTTP REQUEST POST https://www.googleapis.com/oauth2/v3/token  
 <request body omitted>
[debug] [2021-08-17T21:06:58.324Z] <<< HTTP RESPONSE 200 {"expires":"Mon, 01 Jan 1990 00:00:00 GMT","cache-control":"no-cache, no-store, max-age=0, must-revalidate","date":"Tue, 17 Aug 2021 21:07:01 GMT","pragma":"no-cache","content-type":"application/json; charset=utf-8","vary":"X-Origin, Referer, Origin,Accept-Encoding","server":"scaffolding on HTTPServer2","x-xss-protection":"0","x-frame-options":"SAMEORIGIN","x-content-type-options":"nosniff","alt-svc":"h3=\":443\"; ma=2592000,h3-29=\":443\"; ma=2592000,h3-T051=\":443\"; ma=2592000,h3-Q050=\":443\"; ma=2592000,h3-Q046=\":443\"; ma=2592000,h3-Q043=\":443\"; ma=2592000,quic=\":443\"; ma=2592000; v=\"46,43\"","accept-ranges":"none","transfer-encoding":"chunked"}
[debug] [2021-08-17T21:06:58.346Z] >>> HTTP REQUEST POST https://firebasedatabase.googleapis.com/v1beta/projects/color-app-9eae4/locations/us-central1/instances?databaseId=color-app-9eae4-default-rtdb&validateOnly=true  
 {"type":"default_database"}
[debug] [2021-08-17T21:06:58.801Z] <<< HTTP RESPONSE 200 {"content-type":"application/json; charset=UTF-8","vary":"X-Origin, Referer, Origin,Accept-Encoding","date":"Tue, 17 Aug 2021 21:07:01 GMT","server":"ESF","cache-control":"private","x-xss-protection":"0","x-frame-options":"SAMEORIGIN","x-content-type-options":"nosniff","alt-svc":"h3=\":443\"; ma=2592000,h3-29=\":443\"; ma=2592000,h3-T051=\":443\"; ma=2592000,h3-Q050=\":443\"; ma=2592000,h3-Q046=\":443\"; ma=2592000,h3-Q043=\":443\"; ma=2592000,quic=\":443\"; ma=2592000; v=\"46,43\"","accept-ranges":"none","transfer-encoding":"chunked"}
[debug] [2021-08-17T21:06:58.803Z] >>> HTTP REQUEST POST https://firebasedatabase.googleapis.com/v1beta/projects/color-app-9eae4/locations/us-central1/instances?databaseId=color-app-9eae4-default-rtdb  
 {"type":"default_database"}
[debug] [2021-08-17T21:06:59.939Z] <<< HTTP RESPONSE 200 {"content-type":"application/json; charset=UTF-8","vary":"X-Origin, Referer, Origin,Accept-Encoding","date":"Tue, 17 Aug 2021 21:07:03 GMT","server":"ESF","cache-control":"private","x-xss-protection":"0","x-frame-options":"SAMEORIGIN","x-content-type-options":"nosniff","alt-svc":"h3=\":443\"; ma=2592000,h3-29=\":443\"; ma=2592000,h3-T051=\":443\"; ma=2592000,h3-Q050=\":443\"; ma=2592000,h3-Q046=\":443\"; ma=2592000,h3-Q043=\":443\"; ma=2592000,quic=\":443\"; ma=2592000; v=\"46,43\"","accept-ranges":"none","transfer-encoding":"chunked"}
[info] 
[info] Firebase Realtime Database Security Rules allow you to define how your data should be
[info] structured and when your data can be read from and written to.
[info] 
[debug] [2021-08-17T21:07:04.888Z] >>> HTTP REQUEST GET https://color-app-9eae4-default-rtdb.firebaseio.com/.settings/rules.json  
 
[debug] [2021-08-17T21:07:05.467Z] <<< HTTP RESPONSE 200 {"server":"nginx","date":"Tue, 17 Aug 2021 21:07:08 GMT","content-type":"application/json; charset=utf-8","content-length":"161","connection":"keep-alive","access-control-allow-origin":"*","cache-control":"no-cache","strict-transport-security":"max-age=31556926; includeSubDomains; preload"}
[info] +  Database Rules for color-app-9eae4-default-rtdb have been written to database.rules.json. 
[info] Future modifications to database.rules.json will update Realtime Database Security Rules when you run
[info] firebase deploy.
[info] 
=== Firestore Setup
[debug] [2021-08-17T21:07:05.471Z] >>> HTTP REQUEST GET https://serviceusage.googleapis.com/v1/projects/color-app-9eae4/services/firestore.googleapis.com  
 
[debug] [2021-08-17T21:07:05.769Z] <<< HTTP RESPONSE 200 {"content-type":"application/json; charset=UTF-8","vary":"X-Origin, Referer, Origin,Accept-Encoding","date":"Tue, 17 Aug 2021 21:07:08 GMT","server":"ESF","cache-control":"private","x-xss-protection":"0","x-frame-options":"SAMEORIGIN","x-content-type-options":"nosniff","alt-svc":"h3=\":443\"; ma=2592000,h3-29=\":443\"; ma=2592000,h3-T051=\":443\"; ma=2592000,h3-Q050=\":443\"; ma=2592000,h3-Q046=\":443\"; ma=2592000,h3-Q043=\":443\"; ma=2592000,quic=\":443\"; ma=2592000; v=\"46,43\"","accept-ranges":"none","transfer-encoding":"chunked"}
[debug] [2021-08-17T21:07:05.770Z] >>> HTTP REQUEST GET https://appengine.googleapis.com/v1/apps/color-app-9eae4  
 
[debug] [2021-08-17T21:07:06.236Z] <<< HTTP RESPONSE 200 {"content-type":"application/json; charset=UTF-8","vary":"X-Origin, Referer, Origin,Accept-Encoding","date":"Tue, 17 Aug 2021 21:07:09 GMT","server":"ESF","cache-control":"private","x-xss-protection":"0","x-frame-options":"SAMEORIGIN","x-content-type-options":"nosniff","alt-svc":"h3=\":443\"; ma=2592000,h3-29=\":443\"; ma=2592000,h3-T051=\":443\"; ma=2592000,h3-Q050=\":443\"; ma=2592000,h3-Q046=\":443\"; ma=2592000,h3-Q043=\":443\"; ma=2592000,quic=\":443\"; ma=2592000; v=\"46,43\"","accept-ranges":"none","transfer-encoding":"chunked"}
[debug] [2021-08-17T21:07:06.237Z] database_type: CLOUD_FIRESTORE
[debug] [2021-08-17T21:07:06.237Z] > command requires scopes: ["email","openid","https://www.googleapis.com/auth/cloudplatformprojects.readonly","https://www.googleapis.com/auth/firebase","https://www.googleapis.com/auth/cloud-platform"]
[debug] [2021-08-17T21:07:06.237Z] > authorizing via signed-in user (e.r.i.c.r.e.n.z.h.a.n.g.3.2.1@gmail.com)
[debug] [2021-08-17T21:07:06.237Z] [iam] checking project color-app-9eae4 for permissions ["firebase.projects.get"]
[debug] [2021-08-17T21:07:06.238Z] >>> HTTP REQUEST POST https://cloudresourcemanager.googleapis.com/v1/projects/color-app-9eae4:testIamPermissions  
 {"permissions":["firebase.projects.get"]}
[debug] [2021-08-17T21:07:06.470Z] <<< HTTP RESPONSE 200 {"content-type":"application/json; charset=UTF-8","vary":"X-Origin, Referer, Origin,Accept-Encoding","date":"Tue, 17 Aug 2021 21:07:09 GMT","server":"ESF","cache-control":"private","x-xss-protection":"0","x-frame-options":"SAMEORIGIN","x-content-type-options":"nosniff","server-timing":"gfet4t7; dur=191","alt-svc":"h3=\":443\"; ma=2592000,h3-29=\":443\"; ma=2592000,h3-T051=\":443\"; ma=2592000,h3-Q050=\":443\"; ma=2592000,h3-Q046=\":443\"; ma=2592000,h3-Q043=\":443\"; ma=2592000,quic=\":443\"; ma=2592000; v=\"46,43\"","accept-ranges":"none","transfer-encoding":"chunked"}
[info] 
[info] Firestore Security Rules allow you to define how and when to allow
[info] requests. You can keep these rules in your project directory
[info] and publish them with firebase deploy.
[info] 
[debug] [2021-08-17T21:07:12.212Z] >>> HTTP REQUEST GET https://firebaserules.googleapis.com/v1/projects/color-app-9eae4/releases?pageSize=10&pageToken=  
 
[debug] [2021-08-17T21:07:12.436Z] <<< HTTP RESPONSE 200 {"content-type":"application/json; charset=UTF-8","vary":"X-Origin, Referer, Origin,Accept-Encoding","date":"Tue, 17 Aug 2021 21:07:15 GMT","server":"ESF","cache-control":"private","x-xss-protection":"0","x-frame-options":"SAMEORIGIN","x-content-type-options":"nosniff","alt-svc":"h3=\":443\"; ma=2592000,h3-29=\":443\"; ma=2592000,h3-T051=\":443\"; ma=2592000,h3-Q050=\":443\"; ma=2592000,h3-Q046=\":443\"; ma=2592000,h3-Q043=\":443\"; ma=2592000,quic=\":443\"; ma=2592000; v=\"46,43\"","accept-ranges":"none","transfer-encoding":"chunked"}
[debug] [2021-08-17T21:07:12.436Z] Found ruleset: projects/color-app-9eae4/rulesets/966d329d-31fe-4c8a-ab62-caf138930e54
[debug] [2021-08-17T21:07:12.436Z] >>> HTTP REQUEST GET https://firebaserules.googleapis.com/v1/projects/color-app-9eae4/rulesets/966d329d-31fe-4c8a-ab62-caf138930e54  
 
[debug] [2021-08-17T21:07:12.617Z] <<< HTTP RESPONSE 200 {"content-type":"application/json; charset=UTF-8","vary":"X-Origin, Referer, Origin,Accept-Encoding","date":"Tue, 17 Aug 2021 21:07:15 GMT","server":"ESF","cache-control":"private","x-xss-protection":"0","x-frame-options":"SAMEORIGIN","x-content-type-options":"nosniff","alt-svc":"h3=\":443\"; ma=2592000,h3-29=\":443\"; ma=2592000,h3-T051=\":443\"; ma=2592000,h3-Q050=\":443\"; ma=2592000,h3-Q046=\":443\"; ma=2592000,h3-Q043=\":443\"; ma=2592000,quic=\":443\"; ma=2592000; v=\"46,43\"","accept-ranges":"none","transfer-encoding":"chunked"}
[info] 
[info] Firestore indexes allow you to perform complex queries while
[info] maintaining performance that scales with the size of the result
[info] set. You can keep index definitions in your project directory
[info] and publish them with firebase deploy.
[info] 
[debug] [2021-08-17T21:07:14.131Z] >>> HTTP REQUEST GET https://firestore.googleapis.com/v1/projects/color-app-9eae4/databases/(default)/collectionGroups/-/indexes  
 
[debug] [2021-08-17T21:07:14.131Z] >>> HTTP REQUEST GET https://firestore.googleapis.com/v1/projects/color-app-9eae4/databases/(default)/collectionGroups/-/fields?filter=indexConfig.usesAncestorConfig=false  
 
[debug] [2021-08-17T21:07:14.409Z] <<< HTTP RESPONSE 200 {"content-type":"application/json; charset=UTF-8","vary":"X-Origin, Referer, Origin,Accept-Encoding","date":"Tue, 17 Aug 2021 21:07:17 GMT","server":"ESF","cache-control":"private","x-xss-protection":"0","x-frame-options":"SAMEORIGIN","x-content-type-options":"nosniff","alt-svc":"h3=\":443\"; ma=2592000,h3-29=\":443\"; ma=2592000,h3-T051=\":443\"; ma=2592000,h3-Q050=\":443\"; ma=2592000,h3-Q046=\":443\"; ma=2592000,h3-Q043=\":443\"; ma=2592000,quic=\":443\"; ma=2592000; v=\"46,43\"","accept-ranges":"none","transfer-encoding":"chunked"}
[debug] [2021-08-17T21:07:14.558Z] <<< HTTP RESPONSE 200 {"content-type":"application/json; charset=UTF-8","vary":"X-Origin, Referer, Origin,Accept-Encoding","date":"Tue, 17 Aug 2021 21:07:17 GMT","server":"ESF","cache-control":"private","x-xss-protection":"0","x-frame-options":"SAMEORIGIN","x-content-type-options":"nosniff","alt-svc":"h3=\":443\"; ma=2592000,h3-29=\":443\"; ma=2592000,h3-T051=\":443\"; ma=2592000,h3-Q050=\":443\"; ma=2592000,h3-Q046=\":443\"; ma=2592000,h3-Q043=\":443\"; ma=2592000,quic=\":443\"; ma=2592000; v=\"46,43\"","accept-ranges":"none","transfer-encoding":"chunked"}
[info] 
=== Functions Setup
[info] 
[info] A functions directory will be created in your project with sample code
[info] pre-configured. Functions can be deployed with firebase deploy.
[info] 
[debug] [2021-08-17T21:07:14.562Z] > command requires scopes: ["email","openid","https://www.googleapis.com/auth/cloudplatformprojects.readonly","https://www.googleapis.com/auth/firebase","https://www.googleapis.com/auth/cloud-platform"]
[debug] [2021-08-17T21:07:14.562Z] > authorizing via signed-in user (e.r.i.c.r.e.n.z.h.a.n.g.3.2.1@gmail.com)
[debug] [2021-08-17T21:07:14.562Z] [iam] checking project color-app-9eae4 for permissions ["firebase.projects.get"]
[debug] [2021-08-17T21:07:14.563Z] >>> HTTP REQUEST POST https://cloudresourcemanager.googleapis.com/v1/projects/color-app-9eae4:testIamPermissions  
 {"permissions":["firebase.projects.get"]}
[debug] [2021-08-17T21:07:14.760Z] <<< HTTP RESPONSE 200 {"content-type":"application/json; charset=UTF-8","vary":"X-Origin, Referer, Origin,Accept-Encoding","date":"Tue, 17 Aug 2021 21:07:17 GMT","server":"ESF","cache-control":"private","x-xss-protection":"0","x-frame-options":"SAMEORIGIN","x-content-type-options":"nosniff","server-timing":"gfet4t7; dur=156","alt-svc":"h3=\":443\"; ma=2592000,h3-29=\":443\"; ma=2592000,h3-T051=\":443\"; ma=2592000,h3-Q050=\":443\"; ma=2592000,h3-Q046=\":443\"; ma=2592000,h3-Q043=\":443\"; ma=2592000,quic=\":443\"; ma=2592000; v=\"46,43\"","accept-ranges":"none","transfer-encoding":"chunked"}
[debug] [2021-08-17T21:07:14.761Z] >>> HTTP REQUEST POST https://serviceusage.googleapis.com/v1/projects/color-app-9eae4/services/cloudfunctions.googleapis.com:enable  
 
[debug] [2021-08-17T21:07:14.761Z] >>> HTTP REQUEST POST https://serviceusage.googleapis.com/v1/projects/color-app-9eae4/services/runtimeconfig.googleapis.com:enable  
 
[debug] [2021-08-17T21:07:15.046Z] <<< HTTP RESPONSE 200 {"content-type":"application/json; charset=UTF-8","vary":"X-Origin, Referer, Origin,Accept-Encoding","date":"Tue, 17 Aug 2021 21:07:18 GMT","server":"ESF","cache-control":"private","x-xss-protection":"0","x-frame-options":"SAMEORIGIN","x-content-type-options":"nosniff","alt-svc":"h3=\":443\"; ma=2592000,h3-29=\":443\"; ma=2592000,h3-T051=\":443\"; ma=2592000,h3-Q050=\":443\"; ma=2592000,h3-Q046=\":443\"; ma=2592000,h3-Q043=\":443\"; ma=2592000,quic=\":443\"; ma=2592000; v=\"46,43\"","accept-ranges":"none","transfer-encoding":"chunked"}
[debug] [2021-08-17T21:07:15.248Z] <<< HTTP RESPONSE 200 {"content-type":"application/json; charset=UTF-8","vary":"X-Origin, Referer, Origin,Accept-Encoding","date":"Tue, 17 Aug 2021 21:07:18 GMT","server":"ESF","cache-control":"private","x-xss-protection":"0","x-frame-options":"SAMEORIGIN","x-content-type-options":"nosniff","alt-svc":"h3=\":443\"; ma=2592000,h3-29=\":443\"; ma=2592000,h3-T051=\":443\"; ma=2592000,h3-Q050=\":443\"; ma=2592000,h3-Q046=\":443\"; ma=2592000,h3-Q043=\":443\"; ma=2592000,quic=\":443\"; ma=2592000; v=\"46,43\"","accept-ranges":"none","transfer-encoding":"chunked"}
[info] +  Wrote functions/package.json 
[info] +  Wrote functions/.eslintrc.js 
[info] +  Wrote functions/index.js 
[info] +  Wrote functions/.gitignore 
[info] 
=== Hosting Setup
[info] 
[info] Your public directory is the folder (relative to your project directory) that
[info] will contain Hosting assets to be uploaded with firebase deploy. If you
[info] have a build process for your assets, use your build's output directory.
[info] 
[info] +  Wrote y/404.html 
[debug] [2021-08-17T21:08:42.132Z] >>> [apiv2][query] GET https://www.gstatic.com/firebasejs/releases.json [none]
[debug] [2021-08-17T21:08:42.193Z] <<< [apiv2][status] GET https://www.gstatic.com/firebasejs/releases.json 200
[debug] [2021-08-17T21:08:42.194Z] <<< [apiv2][body] GET https://www.gstatic.com/firebasejs/releases.json {"current":{"version":"8.9.1","browserURL":"https://www.gstatic.com/firebasejs/8.9.1/firebase.js","packageURL":"https://www.gstatic.com/firebasejs/8.9.1/firebase.tgz"},"live":{"version":"8.9","browserURL":"https://www.gstatic.com/firebasejs/live/8.9/firebase.js","packageURL":"https://www.gstatic.com/firebasejs/live/8.9/firebase.tgz"},"components":{"analytics":"https://www.gstatic.com/firebasejs/8.9.1/firebase-analytics.js","app":"https://www.gstatic.com/firebasejs/8.9.1/firebase-app.js","app-check":"https://www.gstatic.com/firebasejs/8.9.1/firebase-app-check.js","auth":"https://www.gstatic.com/firebasejs/8.9.1/firebase-auth.js","database":"https://www.gstatic.com/firebasejs/8.9.1/firebase-database.js","firestore":"https://www.gstatic.com/firebasejs/8.9.1/firebase-firestore.js","functions":"https://www.gstatic.com/firebasejs/8.9.1/firebase-functions.js","installations":"https://www.gstatic.com/firebasejs/8.9.1/firebase-installations.js","messaging":"https://www.gstatic.com/firebasejs/8.9.1/firebase-messaging.js","storage":"https://www.gstatic.com/firebasejs/8.9.1/firebase-storage.js","performance":"https://www.gstatic.com/firebasejs/8.9.1/firebase-performance.js","remote-config":"https://www.gstatic.com/firebasejs/8.9.1/firebase-remote-config.js","firestore.memory":"https://www.gstatic.com/firebasejs/8.9.1/firebase-firestore.memory.js"}}
[info] +  Wrote y/index.html 
[info] 
=== Hosting:github Setup
[info] 
[info] i  Detected a .git folder at C:\Users\Eric Zhang 
[info] i  Authorizing with GitHub to upload your service account to a GitHub repository's secrets store. 
[info] 
[info] Visit this URL on this device to log in:
[info] https://github.com/login/oauth/authorize?client_id=89cf50f02ac6aaed3484&state=661972507&redirect_uri=http%3A%2F%2Flocalhost%3A9005&scope=read%3Auser%20repo%20public_repo
[info] 
[info] Waiting for authentication...
[debug] [2021-08-17T21:08:48.210Z] >>> HTTP REQUEST POST https://github.com/login/oauth/access_token  
 {"client_id":"89cf50f02ac6aaed3484","client_secret":"3330d14abc895d9a74d5f17cd7a00711fa2c5bf0","code":"e6d8ad5f44f0769aa4ee","redirect_uri":"http://localhost:9005","state":"661972507"}
[debug] [2021-08-17T21:08:48.408Z] <<< HTTP RESPONSE 200 {"server":"GitHub.com","date":"Tue, 17 Aug 2021 21:08:51 GMT","content-type":"application/json; charset=utf-8","transfer-encoding":"chunked","vary":"X-PJAX, Accept-Encoding, Accept, X-Requested-With","permissions-policy":"interest-cohort=()","etag":"W/\"5edf4fae41d9a835cff3b8f71d5a5408\"","cache-control":"max-age=0, private, must-revalidate","strict-transport-security":"max-age=31536000; includeSubdomains; preload","x-frame-options":"deny","x-content-type-options":"nosniff","x-xss-protection":"0","referrer-policy":"origin-when-cross-origin, strict-origin-when-cross-origin","expect-ct":"max-age=2592000, report-uri=\"https://api.github.com/_private/browser/errors\"","content-security-policy":"default-src 'none'; base-uri 'self'; block-all-mixed-content; connect-src 'self' uploads.github.com www.githubstatus.com collector.githubapp.com api.github.com github-cloud.s3.amazonaws.com github-production-repository-file-5c1aeb.s3.amazonaws.com github-production-upload-manifest-file-7fdce7.s3.amazonaws.com github-production-user-asset-6210df.s3.amazonaws.com cdn.optimizely.com logx.optimizely.com/v1/events translator.github.com wss://alive.github.com; font-src github.githubassets.com; form-action 'self' github.com gist.github.com; frame-ancestors 'none'; frame-src render.githubusercontent.com render-temp.githubusercontent.com viewscreen.githubusercontent.com; img-src 'self' data: github.githubassets.com identicons.github.com collector.githubapp.com github-cloud.s3.amazonaws.com secured-user-images.githubusercontent.com/ *.githubusercontent.com; manifest-src 'self'; media-src 'none'; script-src github.githubassets.com; style-src 'unsafe-inline' github.githubassets.com; worker-src github.com/socket-worker-3f088aa2.js gist.github.com/socket-worker-3f088aa2.js","x-github-request-id":"D1A1:4A72:E6C8C3:1C3A047:611C2563"}
[debug] [2021-08-17T21:08:48.410Z] >>> [apiv2][query] GET https://api.github.com/user [none]
[debug] [2021-08-17T21:08:48.602Z] <<< [apiv2][status] GET https://api.github.com/user 200
[debug] [2021-08-17T21:08:48.602Z] <<< [apiv2][body] GET https://api.github.com/user {"login":"ericzhang11101","id":46907515,"node_id":"MDQ6VXNlcjQ2OTA3NTE1","avatar_url":"https://avatars.githubusercontent.com/u/46907515?v=4","gravatar_id":"","url":"https://api.github.com/users/ericzhang11101","html_url":"https://github.com/ericzhang11101","followers_url":"https://api.github.com/users/ericzhang11101/followers","following_url":"https://api.github.com/users/ericzhang11101/following{/other_user}","gists_url":"https://api.github.com/users/ericzhang11101/gists{/gist_id}","starred_url":"https://api.github.com/users/ericzhang11101/starred{/owner}{/repo}","subscriptions_url":"https://api.github.com/users/ericzhang11101/subscriptions","organizations_url":"https://api.github.com/users/ericzhang11101/orgs","repos_url":"https://api.github.com/users/ericzhang11101/repos","events_url":"https://api.github.com/users/ericzhang11101/events{/privacy}","received_events_url":"https://api.github.com/users/ericzhang11101/received_events","type":"User","site_admin":false,"name":"Eric Zhang","company":null,"blog":"","location":null,"email":null,"hireable":null,"bio":null,"twitter_username":null,"public_repos":0,"public_gists":0,"followers":0,"following":0,"created_at":"2019-01-21T21:59:37Z","updated_at":"2021-08-17T21:08:48Z","private_gists":0,"total_private_repos":5,"owned_private_repos":5,"disk_usage":17237,"collaborators":0,"two_factor_authentication":false,"plan":{"name":"free","space":976562499,"collaborators":0,"private_repos":10000}}
[info] 
[info] +  Success! Logged into GitHub as ericzhang11101 
[info] 
[debug] [2021-08-17T21:09:56.282Z] >>> [apiv2][query] GET https://api.github.com/repos//actions/secrets/public-key type=owner
[debug] [2021-08-17T21:09:56.412Z] <<< [apiv2][status] GET https://api.github.com/repos//actions/secrets/public-key 404
[debug] [2021-08-17T21:09:56.412Z] <<< [apiv2][body] GET https://api.github.com/repos//actions/secrets/public-key {"message":"Not Found","documentation_url":"https://docs.github.com/rest"}
[debug] [2021-08-17T21:09:56.872Z] >>> [apiv2][query] GET https://api.github.com/repos//actions/secrets/public-key type=owner
[debug] [2021-08-17T21:09:57.001Z] <<< [apiv2][status] GET https://api.github.com/repos//actions/secrets/public-key 404
[debug] [2021-08-17T21:09:57.001Z] <<< [apiv2][body] GET https://api.github.com/repos//actions/secrets/public-key {"message":"Not Found","documentation_url":"https://docs.github.com/rest"}
[debug] [2021-08-17T21:09:57.029Z] >>> [apiv2][query] GET https://api.github.com/repos//actions/secrets/public-key type=owner
[debug] [2021-08-17T21:09:57.152Z] <<< [apiv2][status] GET https://api.github.com/repos//actions/secrets/public-key 404
[debug] [2021-08-17T21:09:57.152Z] <<< [apiv2][body] GET https://api.github.com/repos//actions/secrets/public-key {"message":"Not Found","documentation_url":"https://docs.github.com/rest"}
[debug] [2021-08-17T21:09:57.336Z] >>> [apiv2][query] GET https://api.github.com/repos/n/actions/secrets/public-key type=owner
[debug] [2021-08-17T21:09:57.478Z] <<< [apiv2][status] GET https://api.github.com/repos/n/actions/secrets/public-key 404
[debug] [2021-08-17T21:09:57.478Z] <<< [apiv2][body] GET https://api.github.com/repos/n/actions/secrets/public-key {"message":"Not Found","documentation_url":"https://docs.github.com/rest"}
[debug] [2021-08-17T21:10:02.687Z] >>> [apiv2][query] GET https://api.github.com/repos/eric/aaa/actions/secrets/public-key type=owner
[debug] [2021-08-17T21:10:02.878Z] <<< [apiv2][status] GET https://api.github.com/repos/eric/aaa/actions/secrets/public-key 404
[debug] [2021-08-17T21:10:02.878Z] <<< [apiv2][body] GET https://api.github.com/repos/eric/aaa/actions/secrets/public-key {"message":"Not Found","documentation_url":"https://docs.github.com/rest/reference/actions#get-a-repository-public-key"}
